


ARM Macro Assembler    Page 1 


    1 00000000                 PRESERVE8
    2 00000000                 THUMB
    3 00000000         
    4 00000000         
    5 00000000         ; ====================== zone de réservation de données,
                         ======================================
    6 00000000         ;Section RAM (read only) :
    7 00000000                 area             mesdata,data,readonly
    8 00000000         
    9 00000000         
   10 00000000         ;Section RAM (read write):
   11 00000000                 area             maram,data,readwrite
   12 00000000         
   13 00000000 00000000 
                       SortieSon
                               dcd              0
   14 00000004 00000000 
                       AdresseSon
                               dcd              0
   15 00000008         
   16 00000008         ; ======================================================
                       =========================================
   17 00000008         
   18 00000008         
   19 00000008         
   20 00000008         ;Section ROM code (read only) :  
   21 00000008                 area             moncode,code,readonly
   22 00000000         ; écrire le code ici  
   23 00000000         
   24 00000000                 export           DFT_ModuleAuCarre
   25 00000000                 extern           LeSignal
   26 00000000                 export           TabCos
   27 00000000                 export           TabSin
   28 00000000         
   29 00000000         
   30 00000000         
   31 00000000         
   32 00000000         ; On appelle cette fonction avec les deux arguments : 
   33 00000000         ; r0 = Signal64ech, r1 = k
   34 00000000         
   35 00000000         DFT_ModuleAuCarre
   36 00000000 B510            push             {r4, lr}
   37 00000002         
   38 00000002         ; Partie Réelle
   39 00000002 B403            push             {r0,r1}
   40 00000004 4A17            ldr              r2, =TabCos ; r4 est l'adresse 
                                                            du premier element 
                                                            du tableau de cos
   41 00000006 F000 F807       bl               Calcul_DFT
   42 0000000A 4604            mov              r4, r0
   43 0000000C BC03            pop              {r0,r1}
   44 0000000E         
   45 0000000E         ; Partie Imaginaire
   46 0000000E 4A16            ldr              r2, =TabSin ; r4 est l'adresse 
                                                            du premier element 
                                                            du tableau de sin
   47 00000010 F000 F802       bl               Calcul_DFT
   48 00000014 4420            add              r0, r4
   49 00000016         



ARM Macro Assembler    Page 2 


   50 00000016 BD10            pop              {r4, pc}
   51 00000018         
   52 00000018         
   53 00000018         Calcul_DFT
   54 00000018 E92D 43F0       push             {r4-r9, lr}
   55 0000001C         
   56 0000001C         ; r0 = LeSignal
   57 0000001C         ; r1 = k 
   58 0000001C         ; r2 = TabCos ou TabSin
   59 0000001C F04F 0300       mov              r3, #0      ; r3=n où n est la 
                                                            n ieme itération
   60 00000020 F04F 0440       mov              r4, #64     ; r4=64 est M=64 ca
                                                            r 64 echantillons d
                                                            u signal
   61 00000024 F04F 0500       mov              r5, #0      ; r5 est le stockag
                                                            e du résultat, vaut
                                                             0 au départ
   62 00000028 F04F 0600       mov              r6, #0      ; r6 est la valeur 
                                                            lue du signal
   63 0000002C F04F 0700       mov              r7, #0      ; r7 est l'indice a
                                                            uquel lire le cos :
                                                             r7=k*n
   64 00000030 F04F 0800       mov              r8, #0      ; r8 est la valeur 
                                                            calculée r8=(cos(r7
                                                            ))
   65 00000034 F04F 0900       mov              r9, #0      ; r9 est la multipl
                                                            ication du cos et d
                                                            u signal
   66 00000038         
   67 00000038         
   68 00000038         Boucle
   69 00000038         
   70 00000038         ; Calculer la valeur du signal
   71 00000038         ;ldrsh r6, [r0]  ; Lire sur 2 octets le signal
   72 00000038         ;add r0, #2    ; Changer la valeur de l'adresse à lire
   73 00000038         
   74 00000038         ; Calculer la valeur du cos
   75 00000038 FB01 F703       mul              r7, r1, r3  ; r7=p=k*n
   76 0000003C F007 073F       and              r7, r7, #0x3F ; r7 modulo 64 
   77 00000040         
   78 00000040 F930 6013       ldrsh            r6, [r0, r3, lsl #1] ; Lecture 
                                                            de x(n) : Signal
   79 00000044 F932 8017       ldrsh            r8, [r2 , r7, lsl #1] ; Lecture
                                                             de TabCos[r7] ou T
                                                            abSin[r7]
   80 00000048         
   81 00000048         ; Multiplier les deux valeurs
   82 00000048 FB06 F908       mul              r9, r6, r8  ; multiplier le sig
                                                            nal x(n) et le cos 
                                                            ou sin
   83 0000004C EB15 0509       adds             r5, r9      ; l'ajouter au résu
                                                            ltat
   84 00000050         
   85 00000050         ; Reboucler
   86 00000050 F103 0301       add              r3, #1      ; incrémenter n
   87 00000054 42A3            cmp              r3, r4      ; Boucler tant que 
                                                            n est inférieur à 6
                                                            4
   88 00000056 D1EF            bne              Boucle



ARM Macro Assembler    Page 3 


   89 00000058         
   90 00000058         ; Retourner le résultat au carré
   91 00000058 EA4F 4525       asr              r5, #16
   92 0000005C FB05 F005       mul              r0, r5, r5
   93 00000060         
   94 00000060         fin
   95 00000060 E8BD 83F0       pop              {r4-r9, pc}
   96 00000064         
   97 00000064         
   98 00000064         
   99 00000064         
  100 00000064         ;Section ROM code (read only) :  
  101 00000064 00000000 
              00000000         AREA             Trigo, DATA, READONLY
  102 00000000         ; codage fractionnaire 1.15
  103 00000000         
  104 00000000         TabCos
  105 00000000 FF 7F           DCW              32767       ;  0 0x7fff  0.9999
                                                            7
  106 00000002 62 7F           DCW              32610       ;  1 0x7f62  0.9951
                                                            8
  107 00000004 8A 7D           DCW              32138       ;  2 0x7d8a  0.9807
                                                            7
  108 00000006 7D 7A           DCW              31357       ;  3 0x7a7d  0.9569
                                                            4
  109 00000008 42 76           DCW              30274       ;  4 0x7642  0.9238
                                                            9
  110 0000000A E3 70           DCW              28899       ;  5 0x70e3  0.8819
                                                            3
  111 0000000C 6E 6A           DCW              27246       ;  6 0x6a6e  0.8314
                                                            8
  112 0000000E F2 62           DCW              25330       ;  7 0x62f2  0.7730
                                                            1
  113 00000010 82 5A           DCW              23170       ;  8 0x5a82  0.7070
                                                            9
  114 00000012 34 51           DCW              20788       ;  9 0x5134  0.6344
                                                            0
  115 00000014 1D 47           DCW              18205       ; 10 0x471d  0.5555
                                                            7
  116 00000016 57 3C           DCW              15447       ; 11 0x3c57  0.4714
                                                            1
  117 00000018 FC 30           DCW              12540       ; 12 0x30fc  0.3826
                                                            9
  118 0000001A 28 25           DCW              9512        ; 13 0x2528  0.2902
                                                            8
  119 0000001C F9 18           DCW              6393        ; 14 0x18f9  0.1951
                                                            0
  120 0000001E 8C 0C           DCW              3212        ; 15 0x0c8c  0.0980
                                                            2
  121 00000020 00 00           DCW              0           ; 16 0x0000  0.0000
                                                            0
  122 00000022 74 F3           DCW              -3212       ; 17 0xf374 -0.0980
                                                            2
  123 00000024 07 E7           DCW              -6393       ; 18 0xe707 -0.1951
                                                            0
  124 00000026 D8 DA           DCW              -9512       ; 19 0xdad8 -0.2902
                                                            8
  125 00000028 04 CF           DCW              -12540      ; 20 0xcf04 -0.3826
                                                            9



ARM Macro Assembler    Page 4 


  126 0000002A A9 C3           DCW              -15447      ; 21 0xc3a9 -0.4714
                                                            1
  127 0000002C E3 B8           DCW              -18205      ; 22 0xb8e3 -0.5555
                                                            7
  128 0000002E CC AE           DCW              -20788      ; 23 0xaecc -0.6344
                                                            0
  129 00000030 7E A5           DCW              -23170      ; 24 0xa57e -0.7070
                                                            9
  130 00000032 0E 9D           DCW              -25330      ; 25 0x9d0e -0.7730
                                                            1
  131 00000034 92 95           DCW              -27246      ; 26 0x9592 -0.8314
                                                            8
  132 00000036 1D 8F           DCW              -28899      ; 27 0x8f1d -0.8819
                                                            3
  133 00000038 BE 89           DCW              -30274      ; 28 0x89be -0.9238
                                                            9
  134 0000003A 83 85           DCW              -31357      ; 29 0x8583 -0.9569
                                                            4
  135 0000003C 76 82           DCW              -32138      ; 30 0x8276 -0.9807
                                                            7
  136 0000003E 9E 80           DCW              -32610      ; 31 0x809e -0.9951
                                                            8
  137 00000040 00 80           DCW              -32768      ; 32 0x8000 -1.0000
                                                            0
  138 00000042 9E 80           DCW              -32610      ; 33 0x809e -0.9951
                                                            8
  139 00000044 76 82           DCW              -32138      ; 34 0x8276 -0.9807
                                                            7
  140 00000046 83 85           DCW              -31357      ; 35 0x8583 -0.9569
                                                            4
  141 00000048 BE 89           DCW              -30274      ; 36 0x89be -0.9238
                                                            9
  142 0000004A 1D 8F           DCW              -28899      ; 37 0x8f1d -0.8819
                                                            3
  143 0000004C 92 95           DCW              -27246      ; 38 0x9592 -0.8314
                                                            8
  144 0000004E 0E 9D           DCW              -25330      ; 39 0x9d0e -0.7730
                                                            1
  145 00000050 7E A5           DCW              -23170      ; 40 0xa57e -0.7070
                                                            9
  146 00000052 CC AE           DCW              -20788      ; 41 0xaecc -0.6344
                                                            0
  147 00000054 E3 B8           DCW              -18205      ; 42 0xb8e3 -0.5555
                                                            7
  148 00000056 A9 C3           DCW              -15447      ; 43 0xc3a9 -0.4714
                                                            1
  149 00000058 04 CF           DCW              -12540      ; 44 0xcf04 -0.3826
                                                            9
  150 0000005A D8 DA           DCW              -9512       ; 45 0xdad8 -0.2902
                                                            8
  151 0000005C 07 E7           DCW              -6393       ; 46 0xe707 -0.1951
                                                            0
  152 0000005E 74 F3           DCW              -3212       ; 47 0xf374 -0.0980
                                                            2
  153 00000060 00 00           DCW              0           ; 48 0x0000  0.0000
                                                            0
  154 00000062 8C 0C           DCW              3212        ; 49 0x0c8c  0.0980
                                                            2
  155 00000064 F9 18           DCW              6393        ; 50 0x18f9  0.1951



ARM Macro Assembler    Page 5 


                                                            0
  156 00000066 28 25           DCW              9512        ; 51 0x2528  0.2902
                                                            8
  157 00000068 FC 30           DCW              12540       ; 52 0x30fc  0.3826
                                                            9
  158 0000006A 57 3C           DCW              15447       ; 53 0x3c57  0.4714
                                                            1
  159 0000006C 1D 47           DCW              18205       ; 54 0x471d  0.5555
                                                            7
  160 0000006E 34 51           DCW              20788       ; 55 0x5134  0.6344
                                                            0
  161 00000070 82 5A           DCW              23170       ; 56 0x5a82  0.7070
                                                            9
  162 00000072 F2 62           DCW              25330       ; 57 0x62f2  0.7730
                                                            1
  163 00000074 6E 6A           DCW              27246       ; 58 0x6a6e  0.8314
                                                            8
  164 00000076 E3 70           DCW              28899       ; 59 0x70e3  0.8819
                                                            3
  165 00000078 42 76           DCW              30274       ; 60 0x7642  0.9238
                                                            9
  166 0000007A 7D 7A           DCW              31357       ; 61 0x7a7d  0.9569
                                                            4
  167 0000007C 8A 7D           DCW              32138       ; 62 0x7d8a  0.9807
                                                            7
  168 0000007E 62 7F           DCW              32610       ; 63 0x7f62  0.9951
                                                            8
  169 00000080         TabSin
  170 00000080 00 00           DCW              0           ;  0 0x0000  0.0000
                                                            0
  171 00000082 8C 0C           DCW              3212        ;  1 0x0c8c  0.0980
                                                            2
  172 00000084 F9 18           DCW              6393        ;  2 0x18f9  0.1951
                                                            0
  173 00000086 28 25           DCW              9512        ;  3 0x2528  0.2902
                                                            8
  174 00000088 FC 30           DCW              12540       ;  4 0x30fc  0.3826
                                                            9
  175 0000008A 57 3C           DCW              15447       ;  5 0x3c57  0.4714
                                                            1
  176 0000008C 1D 47           DCW              18205       ;  6 0x471d  0.5555
                                                            7
  177 0000008E 34 51           DCW              20788       ;  7 0x5134  0.6344
                                                            0
  178 00000090 82 5A           DCW              23170       ;  8 0x5a82  0.7070
                                                            9
  179 00000092 F2 62           DCW              25330       ;  9 0x62f2  0.7730
                                                            1
  180 00000094 6E 6A           DCW              27246       ; 10 0x6a6e  0.8314
                                                            8
  181 00000096 E3 70           DCW              28899       ; 11 0x70e3  0.8819
                                                            3
  182 00000098 42 76           DCW              30274       ; 12 0x7642  0.9238
                                                            9
  183 0000009A 7D 7A           DCW              31357       ; 13 0x7a7d  0.9569
                                                            4
  184 0000009C 8A 7D           DCW              32138       ; 14 0x7d8a  0.9807
                                                            7
  185 0000009E 62 7F           DCW              32610       ; 15 0x7f62  0.9951



ARM Macro Assembler    Page 6 


                                                            8
  186 000000A0 FF 7F           DCW              32767       ; 16 0x7fff  0.9999
                                                            7
  187 000000A2 62 7F           DCW              32610       ; 17 0x7f62  0.9951
                                                            8
  188 000000A4 8A 7D           DCW              32138       ; 18 0x7d8a  0.9807
                                                            7
  189 000000A6 7D 7A           DCW              31357       ; 19 0x7a7d  0.9569
                                                            4
  190 000000A8 42 76           DCW              30274       ; 20 0x7642  0.9238
                                                            9
  191 000000AA E3 70           DCW              28899       ; 21 0x70e3  0.8819
                                                            3
  192 000000AC 6E 6A           DCW              27246       ; 22 0x6a6e  0.8314
                                                            8
  193 000000AE F2 62           DCW              25330       ; 23 0x62f2  0.7730
                                                            1
  194 000000B0 82 5A           DCW              23170       ; 24 0x5a82  0.7070
                                                            9
  195 000000B2 34 51           DCW              20788       ; 25 0x5134  0.6344
                                                            0
  196 000000B4 1D 47           DCW              18205       ; 26 0x471d  0.5555
                                                            7
  197 000000B6 57 3C           DCW              15447       ; 27 0x3c57  0.4714
                                                            1
  198 000000B8 FC 30           DCW              12540       ; 28 0x30fc  0.3826
                                                            9
  199 000000BA 28 25           DCW              9512        ; 29 0x2528  0.2902
                                                            8
  200 000000BC F9 18           DCW              6393        ; 30 0x18f9  0.1951
                                                            0
  201 000000BE 8C 0C           DCW              3212        ; 31 0x0c8c  0.0980
                                                            2
  202 000000C0 00 00           DCW              0           ; 32 0x0000  0.0000
                                                            0
  203 000000C2 74 F3           DCW              -3212       ; 33 0xf374 -0.0980
                                                            2
  204 000000C4 07 E7           DCW              -6393       ; 34 0xe707 -0.1951
                                                            0
  205 000000C6 D8 DA           DCW              -9512       ; 35 0xdad8 -0.2902
                                                            8
  206 000000C8 04 CF           DCW              -12540      ; 36 0xcf04 -0.3826
                                                            9
  207 000000CA A9 C3           DCW              -15447      ; 37 0xc3a9 -0.4714
                                                            1
  208 000000CC E3 B8           DCW              -18205      ; 38 0xb8e3 -0.5555
                                                            7
  209 000000CE CC AE           DCW              -20788      ; 39 0xaecc -0.6344
                                                            0
  210 000000D0 7E A5           DCW              -23170      ; 40 0xa57e -0.7070
                                                            9
  211 000000D2 0E 9D           DCW              -25330      ; 41 0x9d0e -0.7730
                                                            1
  212 000000D4 92 95           DCW              -27246      ; 42 0x9592 -0.8314
                                                            8
  213 000000D6 1D 8F           DCW              -28899      ; 43 0x8f1d -0.8819
                                                            3
  214 000000D8 BE 89           DCW              -30274      ; 44 0x89be -0.9238
                                                            9



ARM Macro Assembler    Page 7 


  215 000000DA 83 85           DCW              -31357      ; 45 0x8583 -0.9569
                                                            4
  216 000000DC 76 82           DCW              -32138      ; 46 0x8276 -0.9807
                                                            7
  217 000000DE 9E 80           DCW              -32610      ; 47 0x809e -0.9951
                                                            8
  218 000000E0 00 80           DCW              -32768      ; 48 0x8000 -1.0000
                                                            0
  219 000000E2 9E 80           DCW              -32610      ; 49 0x809e -0.9951
                                                            8
  220 000000E4 76 82           DCW              -32138      ; 50 0x8276 -0.9807
                                                            7
  221 000000E6 83 85           DCW              -31357      ; 51 0x8583 -0.9569
                                                            4
  222 000000E8 BE 89           DCW              -30274      ; 52 0x89be -0.9238
                                                            9
  223 000000EA 1D 8F           DCW              -28899      ; 53 0x8f1d -0.8819
                                                            3
  224 000000EC 92 95           DCW              -27246      ; 54 0x9592 -0.8314
                                                            8
  225 000000EE 0E 9D           DCW              -25330      ; 55 0x9d0e -0.7730
                                                            1
  226 000000F0 7E A5           DCW              -23170      ; 56 0xa57e -0.7070
                                                            9
  227 000000F2 CC AE           DCW              -20788      ; 57 0xaecc -0.6344
                                                            0
  228 000000F4 E3 B8           DCW              -18205      ; 58 0xb8e3 -0.5555
                                                            7
  229 000000F6 A9 C3           DCW              -15447      ; 59 0xc3a9 -0.4714
                                                            1
  230 000000F8 04 CF           DCW              -12540      ; 60 0xcf04 -0.3826
                                                            9
  231 000000FA D8 DA           DCW              -9512       ; 61 0xdad8 -0.2902
                                                            8
  232 000000FC 07 E7           DCW              -6393       ; 62 0xe707 -0.1951
                                                            0
  233 000000FE 74 F3           DCW              -3212       ; 63 0xf374 -0.0980
                                                            2
  234 00000100         
  235 00000100         
  236 00000100         
  237 00000100         
  238 00000100                 END
Command Line: --debug --xref --diag_suppress=9931 --cpu=Cortex-M3 --apcs=interw
ork --depend=.\obj\dft.d -o.\obj\dft.o -I.\RTE\_CibleSondeKEIL -IC:\Programdata
\Keil\Arm\Packs\ARM\CMSIS\5.7.0\CMSIS\Core\Include -IC:\Programdata\Keil\Arm\Pa
cks\Keil\STM32F1xx_DFP\2.3.0\Device\Include --predefine="__EVAL SETA 1" --prede
fine="__MICROLIB SETA 1" --predefine="__UVISION_VERSION SETA 530" --predefine="
_RTE_ SETA 1" --predefine="STM32F10X_MD SETA 1" --predefine="_RTE_ SETA 1" --li
st=dft.lst Src\DFT.s



ARM Macro Assembler    Page 1 Alphabetic symbol ordering
Relocatable symbols

mesdata 00000000

Symbol: mesdata
   Definitions
      At line 7 in file Src\DFT.s
   Uses
      None
Comment: mesdata unused
1 symbol



ARM Macro Assembler    Page 1 Alphabetic symbol ordering
Relocatable symbols

AdresseSon 00000004

Symbol: AdresseSon
   Definitions
      At line 14 in file Src\DFT.s
   Uses
      None
Comment: AdresseSon unused
SortieSon 00000000

Symbol: SortieSon
   Definitions
      At line 13 in file Src\DFT.s
   Uses
      None
Comment: SortieSon unused
maram 00000000

Symbol: maram
   Definitions
      At line 11 in file Src\DFT.s
   Uses
      None
Comment: maram unused
3 symbols



ARM Macro Assembler    Page 1 Alphabetic symbol ordering
Relocatable symbols

Boucle 00000038

Symbol: Boucle
   Definitions
      At line 68 in file Src\DFT.s
   Uses
      At line 88 in file Src\DFT.s
Comment: Boucle used once
Calcul_DFT 00000018

Symbol: Calcul_DFT
   Definitions
      At line 53 in file Src\DFT.s
   Uses
      At line 41 in file Src\DFT.s
      At line 47 in file Src\DFT.s

DFT_ModuleAuCarre 00000000

Symbol: DFT_ModuleAuCarre
   Definitions
      At line 35 in file Src\DFT.s
   Uses
      At line 24 in file Src\DFT.s
Comment: DFT_ModuleAuCarre used once
fin 00000060

Symbol: fin
   Definitions
      At line 94 in file Src\DFT.s
   Uses
      None
Comment: fin unused
moncode 00000000

Symbol: moncode
   Definitions
      At line 21 in file Src\DFT.s
   Uses
      None
Comment: moncode unused
5 symbols



ARM Macro Assembler    Page 1 Alphabetic symbol ordering
Relocatable symbols

TabCos 00000000

Symbol: TabCos
   Definitions
      At line 104 in file Src\DFT.s
   Uses
      At line 26 in file Src\DFT.s
      At line 40 in file Src\DFT.s

TabSin 00000080

Symbol: TabSin
   Definitions
      At line 169 in file Src\DFT.s
   Uses
      At line 27 in file Src\DFT.s
      At line 46 in file Src\DFT.s

Trigo 00000000

Symbol: Trigo
   Definitions
      At line 101 in file Src\DFT.s
   Uses
      None
Comment: Trigo unused
3 symbols



ARM Macro Assembler    Page 1 Alphabetic symbol ordering
External symbols

LeSignal 00000000

Symbol: LeSignal
   Definitions
      At line 25 in file Src\DFT.s
   Uses
      None
Comment: LeSignal unused
1 symbol
350 symbols in table
